<html><head><title>Execution Log - RodanAndFields</title></head><body BGCOLOR="#FAFAFA"><LEFT><img src=E:\Eclipse_Workspace\RF-Automation\qa-automation\src\test\resources\staticdata\RodanAndFields.png></img></LEFT> <CENTER><FONT FACE="Algerian" COLOR="#483C32" + SIZE="6"><U>AUTOMATION TEST REPORT</U></FONT></CENTER><br/><br/>[INFO ] 2017-03-05 17:49:37.794  RFBaseTest - testUsers are loaded from testUsers_QA2_US.properties<br/>[INFO ] 2017-03-05 17:49:37.798  RFBaseTest - Environment properties are not provided by the user ... loading the default properties<br/>[INFO ] 2017-03-05 17:49:37.799  RFBaseTest - Default Browser is  ------ chrome<br/>[INFO ] 2017-03-05 17:49:37.804  RFBaseTest - Default URL is  ------ https://www.qa2.rodanandfields.com<br/>[INFO ] 2017-03-05 17:49:37.809  RFBaseTest - Default user password is  ------ 111Maiden$<br/>[INFO ] 2017-03-05 17:49:37.816  RFBaseTest - Default Country is  ------ us<br/>[INFO ] 2017-03-05 17:49:37.817  RFBaseTest - Default DB IP is  ------ 172.16.15.102<br/>[INFO ] 2017-03-05 17:49:37.822  RFBaseTest - Default DB Username is  ------ perftest<br/>[INFO ] 2017-03-05 17:49:37.826  RFBaseTest - Default DB Password is  ------ perftest<br/>[INFO ] 2017-03-05 17:49:37.827  RFBaseTest - Default DB Domain is  ------ RF<br/>[INFO ] 2017-03-05 17:49:45.803  RFWebsiteDriver - Window is maximized<br/>[INFO ] 2017-03-05 17:49:46.434  RFWebsiteDriver - All cookies deleted<br/>[INFO ] 2017-03-05 17:49:46.442  RFWebsiteDriver - DB connections are set<br/>[INFO ] 2017-03-05 17:49:46.520  RFWebsiteDriver - URL opened is https://www.qa2.rodanandfields.com/US<br/>[INFO ] 2017-03-05 17:51:32.855  RFWebsiteDriver - Waiting For Page load via JS<br/>[INFO ] 2017-03-05 17:51:32.963  RFWebsiteDriver - page load complete..<br/>[INFO ] 2017-03-05 17:51:32.964  StoreFrontWebsiteBaseTest - Navigated to base URL<br/>[INFO ] 2017-03-05 17:51:32.965  RFWebsiteDriver - Waiting For Page load via JS<br/>[INFO ] 2017-03-05 17:51:33.010  RFWebsiteDriver - page load complete..<br/>[INFO ] 2017-03-05 17:51:35.011  RFWebsiteDriver - quick wait started for By.xpath: //div[contains(text(),'Welcome')]<br/>[INFO ] 2017-03-05 17:51:37.102  RFWebsiteDriver - waiting...<br/>[INFO ] 2017-03-05 17:51:39.134  RFWebsiteDriver - waiting...<br/>[INFO ] 2017-03-05 17:51:42.220  TestListner - <br/>******************************************************************************************************************************<font color='#0000FF'><br/><b>					TEST CASE NAME:                  testRefinmentWithMultipleRegimens_122</b></font><br/>******************************************************************************************************************************<br/>[INFO ] 2017-03-05 17:51:42.896  StoreFrontWebsiteBasePage - Login icon clicked<br/>[INFO ] 2017-03-05 17:51:46.227  StoreFrontWebsiteBasePage - username entered as autopcwpwsspon20170304160955@mailinator.com<br/>[INFO ] 2017-03-05 17:51:47.323  StoreFrontWebsiteBasePage - password entered as  111Maiden$<br/>[INFO ] 2017-03-05 17:52:08.810  StoreFrontWebsiteBasePage - login button clicked<br/>[INFO ] 2017-03-05 17:52:08.811  RFWebsiteDriver - Waiting For Page load via JS<br/>[INFO ] 2017-03-05 17:52:08.864  RFWebsiteDriver - page load complete..<br/>[INFO ] 2017-03-05 17:52:15.900  StoreFrontWebsiteBasePage - clicked on Search Icon<br/>[INFO ] 2017-03-05 17:52:17.902  StoreFrontHomePage - Hit enter for searching entity<font color='#DF7401'><br/><b>[INFO ] 2017-03-05 17:52:26.179  SoftAssert - VERIFICATION FAILED: search result page is not present expected [true] but found [false]</b></font><br/><br/>[INFO ] 2017-03-05 17:52:26.180  SoftAssert - Expected: true<br/>[INFO ] 2017-03-05 17:52:26.180  SoftAssert - Actual: false<br/>[INFO ] 2017-03-05 17:52:26.181  RFWebsiteDriver - Taking Screenshot<br/>[INFO ] 2017-03-05 17:52:30.226  SoftAssert - Snapshot Path :<a href=''></a><br/><br/>[INFO ] 2017-03-05 17:52:30.226  RFWebsiteDriver - quick wait started for By.xpath: //div[@id='product-facet']/descendant::div[text()[normalize-space()='Shop by Category']]<font color='#F70D1A'><br/><b>[INFO ] 2017-03-05 17:52:54.422  TestListner - [TEST HAS FAILED-------- Test case testRefinmentWithMultipleRegimens_122 has failed]</b></font><br/><p>Created by Shubham Mathur
 GSPANN Technologies Inc.</body></html>
